\BOOKMARK [1][-]{section.1}{\376\377\000E\000i\000n\000f\000\374\000h\000r\000u\000n\000g}{}% 1
\BOOKMARK [2][-]{subsection.1.1}{\376\377\000Z\000i\000e\000l\000\040\000d\000e\000r\000\040\000A\000r\000b\000e\000i\000t}{section.1}% 2
\BOOKMARK [2][-]{subsection.1.2}{\376\377\000A\000u\000f\000b\000a\000u\000\040\000u\000n\000d\000\040\000S\000t\000r\000u\000k\000t\000u\000r\000\040\000d\000e\000r\000\040\000A\000r\000b\000e\000i\000t}{section.1}% 3
\BOOKMARK [1][-]{section.2}{\376\377\000D\000e\000c\000o\000d\000e\000r\000\040\000A\000r\000c\000h\000i\000t\000e\000k\000t\000u\000r}{}% 4
\BOOKMARK [2][-]{subsection.2.1}{\376\377\000H\000i\000s\000t\000o\000r\000i\000s\000c\000h\000e\000\040\000E\000n\000t\000w\000i\000c\000k\000l\000u\000n\000g\000\040\000d\000e\000r\000\040\000G\000P\000T\000-\000D\000e\000c\000o\000d\000e\000r\000\040\000A\000r\000c\000h\000i\000t\000e\000k\000t\000u\000r}{section.2}% 5
\BOOKMARK [2][-]{subsection.2.2}{\376\377\000A\000u\000f\000b\000a\000u\000\040\000d\000e\000r\000\040\000G\000P\000T\000-\000D\000e\000c\000o\000d\000e\000r\000\040\000A\000r\000c\000h\000i\000t\000e\000k\000t\000u\000r}{section.2}% 6
\BOOKMARK [2][-]{subsection.2.3}{\376\377\000A\000b\000g\000r\000e\000n\000z\000u\000n\000g\000\040\000d\000e\000r\000\040\000D\000e\000c\000o\000d\000e\000r\000\040\000A\000r\000c\000h\000i\000t\000e\000k\000t\000u\000r\000\040\000z\000u\000r\000\040\000E\000n\000c\000o\000d\000e\000r\000\040\000A\000r\000c\000h\000i\000t\000e\000k\000t\000u\000r}{section.2}% 7
\BOOKMARK [2][-]{subsection.2.4}{\376\377\000T\000r\000a\000i\000n\000i\000n\000g\000s\000p\000r\000o\000z\000e\000s\000s\000\040\000d\000e\000r\000\040\000G\000P\000T\000-\000D\000e\000c\000o\000d\000e\000r\000\040\000A\000r\000c\000h\000i\000t\000e\000k\000t\000u\000r}{section.2}% 8
\BOOKMARK [2][-]{subsection.2.5}{\376\377\000W\000e\000i\000t\000e\000r\000e\000n\000t\000w\000i\000c\000k\000l\000u\000n\000g\000\040\000d\000e\000r\000\040\000G\000P\000T\000-\000D\000e\000c\000o\000d\000e\000r\000\040\000A\000r\000c\000h\000i\000t\000e\000k\000t\000u\000r}{section.2}% 9
\BOOKMARK [1][-]{section.3}{\376\377\000A\000n\000w\000e\000n\000d\000u\000n\000g\000s\000b\000e\000r\000e\000i\000c\000h\000e}{}% 10
\BOOKMARK [2][-]{subsection.3.1}{\376\377\000\334\000b\000e\000r\000s\000e\000t\000z\000u\000n\000g}{section.3}% 11
\BOOKMARK [2][-]{subsection.3.2}{\376\377\000E\000r\000s\000t\000e\000l\000l\000u\000n\000g\000\040\000v\000o\000n\000\040\000I\000n\000h\000a\000l\000t\000e\000n}{section.3}% 12
\BOOKMARK [2][-]{subsection.3.3}{\376\377\000S\000u\000c\000h\000w\000e\000r\000k\000z\000e\000u\000g}{section.3}% 13
\BOOKMARK [2][-]{subsection.3.4}{\376\377\000V\000i\000r\000t\000u\000e\000l\000l\000e\000\040\000A\000s\000s\000i\000s\000t\000e\000n\000t\000e\000n\000\040\000u\000n\000d\000\040\000K\000u\000n\000d\000e\000n\000b\000e\000t\000r\000e\000u\000u\000n\000g}{section.3}% 14
\BOOKMARK [2][-]{subsection.3.5}{\376\377\000E\000r\000k\000e\000n\000n\000u\000n\000g\000\040\000u\000n\000d\000\040\000V\000e\000r\000h\000i\000n\000d\000e\000r\000u\000n\000g\000\040\000v\000o\000n\000\040\000C\000y\000b\000e\000r\000a\000n\000g\000r\000i\000f\000f\000e\000n}{section.3}% 15
\BOOKMARK [2][-]{subsection.3.6}{\376\377\000C\000o\000d\000e\000-\000E\000n\000t\000w\000i\000c\000k\000l\000u\000n\000g}{section.3}% 16
\BOOKMARK [2][-]{subsection.3.7}{\376\377\000T\000r\000a\000n\000s\000k\000r\000i\000p\000t\000i\000o\000n}{section.3}% 17
\BOOKMARK [2][-]{subsection.3.8}{\376\377\000M\000a\000r\000k\000t\000f\000o\000r\000s\000c\000h\000u\000n\000g}{section.3}% 18
\BOOKMARK [2][-]{subsection.3.9}{\376\377\000V\000e\000r\000t\000r\000i\000e\000b\000s\000a\000u\000t\000o\000m\000a\000t\000i\000s\000i\000e\000r\000u\000n\000g}{section.3}% 19
\BOOKMARK [2][-]{subsection.3.10}{\376\377\000S\000t\000i\000m\000m\000u\000n\000g\000s\000a\000n\000a\000l\000y\000s\000e}{section.3}% 20
\BOOKMARK [1][-]{section.4}{\376\377\000P\000o\000t\000e\000n\000z\000i\000a\000l\000\040\000u\000n\000d\000\040\000G\000r\000e\000n\000z\000e\000n\000\040\000v\000o\000n\000\040\000D\000e\000c\000o\000d\000e\000r\000\040\000A\000r\000c\000h\000i\000t\000e\000k\000t\000u\000r\000e\000n}{}% 21
\BOOKMARK [1][-]{section.5}{\376\377\000F\000a\000z\000i\000t}{}% 22
\BOOKMARK [2][-]{subsection.5.1}{\376\377\000A\000k\000t\000u\000e\000l\000l\000e\000\040\000F\000o\000r\000s\000c\000h\000u\000n\000g\000b\000e\000r\000e\000i\000c\000h\000e}{section.5}% 23
\BOOKMARK [2][-]{subsection.5.2}{\376\377\000A\000u\000s\000b\000l\000i\000c\000k}{section.5}% 24
\BOOKMARK [1][-]{section*.1}{\376\377\000R\000e\000f\000e\000r\000e\000n\000c\000e\000s}{}% 25
